{"C:\\Users\\Lucas Santiago\\squad-3-reforca-o-bem-api\\src\\app.ts": {"path":"C:\\Users\\Lucas Santiago\\squad-3-reforca-o-bem-api\\src\\app.ts","statementMap":{"0":{"start":{"line":1,"column":0},"end":{"line":1,"column":23}},"1":{"start":{"line":2,"column":0},"end":{"line":2,"column":30}},"2":{"start":{"line":3,"column":0},"end":{"line":3,"column":24}},"3":{"start":{"line":4,"column":0},"end":{"line":4,"column":43}},"4":{"start":{"line":5,"column":0},"end":{"line":5,"column":41}},"5":{"start":{"line":6,"column":0},"end":{"line":6,"column":46}},"6":{"start":{"line":7,"column":0},"end":{"line":7,"column":49}},"7":{"start":{"line":8,"column":0},"end":{"line":8,"column":37}},"8":{"start":{"line":11,"column":0},"end":{"line":11,"column":12}},"9":{"start":{"line":13,"column":12},"end":{"line":13,"column":21}},"10":{"start":{"line":15,"column":0},"end":{"line":15,"column":24}},"11":{"start":{"line":16,"column":0},"end":{"line":16,"column":32}},"12":{"start":{"line":19,"column":0},"end":{"line":19,"column":24}},"13":{"start":{"line":21,"column":20},"end":{"line":21,"column":47}},"14":{"start":{"line":22,"column":0},"end":{"line":22,"column":67}},"15":{"start":{"line":23,"column":0},"end":{"line":23,"column":63}},"16":{"start":{"line":23,"column":40},"end":{"line":23,"column":61}},"17":{"start":{"line":25,"column":0},"end":{"line":25,"column":46}},"18":{"start":{"line":27,"column":0},"end":{"line":29,"column":3}},"19":{"start":{"line":28,"column":2},"end":{"line":28,"column":78}}},"fnMap":{"0":{"name":"(anonymous_1)","decl":{"start":{"line":23,"column":25},"end":{"line":23,"column":26}},"loc":{"start":{"line":23,"column":40},"end":{"line":23,"column":61}}},"1":{"name":"(anonymous_2)","decl":{"start":{"line":27,"column":44},"end":{"line":27,"column":47}},"loc":{"start":{"line":27,"column":49},"end":{"line":29,"column":1}}}},"branchMap":{"0":{"loc":{"start":{"line":27,"column":11},"end":{"line":27,"column":42}},"type":"binary-expr","locations":[{"start":{"line":27,"column":11},"end":{"line":27,"column":34}},{"start":{"line":27,"column":38},"end":{"line":27,"column":42}}]},"1":{"loc":{"start":{"line":28,"column":43},"end":{"line":28,"column":74}},"type":"binary-expr","locations":[{"start":{"line":28,"column":43},"end":{"line":28,"column":66}},{"start":{"line":28,"column":70},"end":{"line":28,"column":74}}]}},"s":{"0":0,"1":0,"2":0,"3":0,"4":0,"5":0,"6":0,"7":0,"8":0,"9":0,"10":0,"11":0,"12":0,"13":0,"14":0,"15":0,"16":0,"17":0,"18":0,"19":0},"f":{"0":0,"1":0},"b":{"0":[0,0],"1":[0,0]}}
,"C:\\Users\\Lucas Santiago\\squad-3-reforca-o-bem-api\\src\\config\\database.ts": {"path":"C:\\Users\\Lucas Santiago\\squad-3-reforca-o-bem-api\\src\\config\\database.ts","statementMap":{"0":{"start":{"line":1,"column":0},"end":{"line":1,"column":32}},"1":{"start":{"line":3,"column":25},"end":{"line":13,"column":1}},"2":{"start":{"line":4,"column":2},"end":{"line":12,"column":null}},"3":{"start":{"line":5,"column":4},"end":{"line":7,"column":7}},"4":{"start":{"line":8,"column":4},"end":{"line":8,"column":51}},"5":{"start":{"line":10,"column":4},"end":{"line":10,"column":54}},"6":{"start":{"line":11,"column":4},"end":{"line":11,"column":20}},"7":{"start":{"line":3,"column":13},"end":{"line":3,"column":25}}},"fnMap":{"0":{"name":"(anonymous_1)","decl":{"start":{"line":3,"column":25},"end":{"line":3,"column":30}},"loc":{"start":{"line":3,"column":36},"end":{"line":13,"column":1}}}},"branchMap":{},"s":{"0":0,"1":0,"2":0,"3":0,"4":0,"5":0,"6":0,"7":0},"f":{"0":0},"b":{}}
,"C:\\Users\\Lucas Santiago\\squad-3-reforca-o-bem-api\\src\\config\\swagger.ts": {"path":"C:\\Users\\Lucas Santiago\\squad-3-reforca-o-bem-api\\src\\config\\swagger.ts","statementMap":{"0":{"start":{"line":3,"column":13},"end":{"line":29,"column":2}}},"fnMap":{},"branchMap":{},"s":{"0":0},"f":{},"b":{}}
,"C:\\Users\\Lucas Santiago\\squad-3-reforca-o-bem-api\\src\\controller\\HomeController.ts": {"path":"C:\\Users\\Lucas Santiago\\squad-3-reforca-o-bem-api\\src\\controller\\HomeController.ts","statementMap":{"0":{"start":{"line":2,"column":0},"end":{"line":2,"column":39}},"1":{"start":{"line":3,"column":0},"end":{"line":3,"column":28}},"2":{"start":{"line":4,"column":0},"end":{"line":4,"column":31}},"3":{"start":{"line":8,"column":21},"end":{"line":8,"column":49}},"4":{"start":{"line":9,"column":2},"end":{"line":9,"column":32}},"5":{"start":{"line":14,"column":4},"end":{"line":14,"column":54}},"6":{"start":{"line":18,"column":55},"end":{"line":18,"column":63}},"7":{"start":{"line":21,"column":4},"end":{"line":23,"column":null}},"8":{"start":{"line":22,"column":6},"end":{"line":22,"column":77}},"9":{"start":{"line":26,"column":4},"end":{"line":28,"column":null}},"10":{"start":{"line":27,"column":6},"end":{"line":27,"column":74}},"11":{"start":{"line":30,"column":4},"end":{"line":64,"column":null}},"12":{"start":{"line":32,"column":27},"end":{"line":32,"column":56}},"13":{"start":{"line":33,"column":6},"end":{"line":35,"column":null}},"14":{"start":{"line":34,"column":8},"end":{"line":34,"column":72}},"15":{"start":{"line":38,"column":29},"end":{"line":38,"column":60}},"16":{"start":{"line":41,"column":22},"end":{"line":41,"column":73}},"17":{"start":{"line":44,"column":6},"end":{"line":44,"column":27}},"18":{"start":{"line":47,"column":6},"end":{"line":47,"column":54}},"19":{"start":{"line":50,"column":20},"end":{"line":52,"column":8}},"20":{"start":{"line":55,"column":6},"end":{"line":55,"column":46}},"21":{"start":{"line":57,"column":6},"end":{"line":61,"column":9}},"22":{"start":{"line":63,"column":6},"end":{"line":63,"column":79}},"23":{"start":{"line":68,"column":4},"end":{"line":75,"column":null}},"24":{"start":{"line":69,"column":20},"end":{"line":69,"column":37}},"25":{"start":{"line":70,"column":6},"end":{"line":70,"column":41}},"26":{"start":{"line":72,"column":6},"end":{"line":74,"column":61}},"27":{"start":{"line":79,"column":19},"end":{"line":79,"column":29}},"28":{"start":{"line":81,"column":4},"end":{"line":89,"column":null}},"29":{"start":{"line":82,"column":19},"end":{"line":82,"column":42}},"30":{"start":{"line":83,"column":6},"end":{"line":85,"column":null}},"31":{"start":{"line":84,"column":8},"end":{"line":84,"column":75}},"32":{"start":{"line":86,"column":6},"end":{"line":86,"column":40}},"33":{"start":{"line":88,"column":6},"end":{"line":88,"column":80}},"34":{"start":{"line":93,"column":22},"end":{"line":93,"column":32}},"35":{"start":{"line":95,"column":4},"end":{"line":103,"column":null}},"36":{"start":{"line":96,"column":19},"end":{"line":96,"column":48}},"37":{"start":{"line":97,"column":6},"end":{"line":99,"column":null}},"38":{"start":{"line":98,"column":8},"end":{"line":98,"column":75}},"39":{"start":{"line":100,"column":6},"end":{"line":100,"column":40}},"40":{"start":{"line":102,"column":6},"end":{"line":102,"column":80}},"41":{"start":{"line":12,"column":0},"end":{"line":12,"column":13}}},"fnMap":{"0":{"name":"isValidEmail","decl":{"start":{"line":7,"column":9},"end":{"line":7,"column":21}},"loc":{"start":{"line":7,"column":35},"end":{"line":10,"column":1}}},"1":{"name":"(anonymous_2)","decl":{"start":{"line":13,"column":2},"end":{"line":13,"column":7}},"loc":{"start":{"line":13,"column":36},"end":{"line":15,"column":3}}},"2":{"name":"(anonymous_3)","decl":{"start":{"line":17,"column":2},"end":{"line":17,"column":7}},"loc":{"start":{"line":17,"column":46},"end":{"line":65,"column":3}}},"3":{"name":"(anonymous_4)","decl":{"start":{"line":67,"column":2},"end":{"line":67,"column":7}},"loc":{"start":{"line":67,"column":48},"end":{"line":76,"column":3}}},"4":{"name":"(anonymous_5)","decl":{"start":{"line":78,"column":2},"end":{"line":78,"column":7}},"loc":{"start":{"line":78,"column":47},"end":{"line":90,"column":3}}},"5":{"name":"(anonymous_6)","decl":{"start":{"line":92,"column":2},"end":{"line":92,"column":7}},"loc":{"start":{"line":92,"column":50},"end":{"line":104,"column":3}}}},"branchMap":{"0":{"loc":{"start":{"line":21,"column":4},"end":{"line":23,"column":null}},"type":"if","locations":[{"start":{"line":21,"column":4},"end":{"line":23,"column":null}}]},"1":{"loc":{"start":{"line":26,"column":4},"end":{"line":28,"column":null}},"type":"if","locations":[{"start":{"line":26,"column":4},"end":{"line":28,"column":null}}]},"2":{"loc":{"start":{"line":33,"column":6},"end":{"line":35,"column":null}},"type":"if","locations":[{"start":{"line":33,"column":6},"end":{"line":35,"column":null}}]},"3":{"loc":{"start":{"line":83,"column":6},"end":{"line":85,"column":null}},"type":"if","locations":[{"start":{"line":83,"column":6},"end":{"line":85,"column":null}}]},"4":{"loc":{"start":{"line":97,"column":6},"end":{"line":99,"column":null}},"type":"if","locations":[{"start":{"line":97,"column":6},"end":{"line":99,"column":null}}]}},"s":{"0":1,"1":1,"2":1,"3":3,"4":3,"5":1,"6":3,"7":3,"8":1,"9":2,"10":1,"11":1,"12":1,"13":1,"14":0,"15":1,"16":1,"17":1,"18":1,"19":1,"20":1,"21":1,"22":0,"23":0,"24":0,"25":0,"26":0,"27":0,"28":0,"29":0,"30":0,"31":0,"32":0,"33":0,"34":0,"35":0,"36":0,"37":0,"38":0,"39":0,"40":0,"41":1},"f":{"0":3,"1":1,"2":3,"3":0,"4":0,"5":0},"b":{"0":[1],"1":[1],"2":[0],"3":[0],"4":[0]}}
,"C:\\Users\\Lucas Santiago\\squad-3-reforca-o-bem-api\\src\\models\\Users.ts": {"path":"C:\\Users\\Lucas Santiago\\squad-3-reforca-o-bem-api\\src\\models\\Users.ts","statementMap":{"0":{"start":{"line":1,"column":0},"end":{"line":1,"column":32}},"1":{"start":{"line":2,"column":0},"end":{"line":2,"column":28}},"2":{"start":{"line":5,"column":19},"end":{"line":5,"column":47}},"3":{"start":{"line":8,"column":19},"end":{"line":32,"column":2}},"4":{"start":{"line":19,"column":8},"end":{"line":19,"column":38}},"5":{"start":{"line":35,"column":0},"end":{"line":45,"column":3}},"6":{"start":{"line":36,"column":2},"end":{"line":36,"column":50}},"7":{"start":{"line":36,"column":36},"end":{"line":36,"column":50}},"8":{"start":{"line":38,"column":2},"end":{"line":44,"column":null}},"9":{"start":{"line":39,"column":17},"end":{"line":39,"column":41}},"10":{"start":{"line":40,"column":4},"end":{"line":40,"column":59}},"11":{"start":{"line":41,"column":4},"end":{"line":41,"column":11}},"12":{"start":{"line":43,"column":4},"end":{"line":43,"column":16}},"13":{"start":{"line":48,"column":13},"end":{"line":48,"column":55}}},"fnMap":{"0":{"name":"(anonymous_1)","decl":{"start":{"line":18,"column":17},"end":{"line":18,"column":27}},"loc":{"start":{"line":18,"column":40},"end":{"line":20,"column":7}}},"1":{"name":"(anonymous_2)","decl":{"start":{"line":35,"column":23},"end":{"line":35,"column":28}},"loc":{"start":{"line":35,"column":43},"end":{"line":45,"column":1}}}},"branchMap":{"0":{"loc":{"start":{"line":36,"column":2},"end":{"line":36,"column":50}},"type":"if","locations":[{"start":{"line":36,"column":2},"end":{"line":36,"column":50}}]}},"s":{"0":1,"1":1,"2":1,"3":1,"4":0,"5":1,"6":0,"7":0,"8":0,"9":0,"10":0,"11":0,"12":0,"13":1},"f":{"0":0,"1":0},"b":{"0":[0]}}
,"C:\\Users\\Lucas Santiago\\squad-3-reforca-o-bem-api\\src\\routes\\routes.ts": {"path":"C:\\Users\\Lucas Santiago\\squad-3-reforca-o-bem-api\\src\\routes\\routes.ts","statementMap":{"0":{"start":{"line":1,"column":0},"end":{"line":1,"column":33}},"1":{"start":{"line":2,"column":0},"end":{"line":2,"column":62}},"2":{"start":{"line":4,"column":15},"end":{"line":4,"column":23}},"3":{"start":{"line":5,"column":23},"end":{"line":5,"column":43}},"4":{"start":{"line":32,"column":0},"end":{"line":32,"column":38}},"5":{"start":{"line":68,"column":0},"end":{"line":68,"column":49}},"6":{"start":{"line":93,"column":0},"end":{"line":93,"column":49}},"7":{"start":{"line":116,"column":0},"end":{"line":116,"column":53}},"8":{"start":{"line":139,"column":0},"end":{"line":139,"column":59}},"9":{"start":{"line":141,"column":0},"end":{"line":141,"column":22}}},"fnMap":{},"branchMap":{},"s":{"0":0,"1":0,"2":0,"3":0,"4":0,"5":0,"6":0,"7":0,"8":0,"9":0},"f":{},"b":{}}
}
