TN:
SF:src\app.ts
FN:23,(anonymous_1)
FN:27,(anonymous_2)
FNF:2
FNH:0
FNDA:0,(anonymous_1)
FNDA:0,(anonymous_2)
DA:1,0
DA:2,0
DA:3,0
DA:4,0
DA:5,0
DA:6,0
DA:7,0
DA:8,0
DA:11,0
DA:13,0
DA:15,0
DA:16,0
DA:19,0
DA:21,0
DA:22,0
DA:23,0
DA:25,0
DA:27,0
DA:28,0
LF:19
LH:0
BRDA:27,0,0,0
BRDA:27,0,1,0
BRDA:28,1,0,0
BRDA:28,1,1,0
BRF:4
BRH:0
end_of_record
TN:
SF:src\config\database.ts
FN:3,(anonymous_1)
FNF:1
FNH:0
FNDA:0,(anonymous_1)
DA:1,0
DA:3,0
DA:4,0
DA:5,0
DA:8,0
DA:10,0
DA:11,0
LF:7
LH:0
BRF:0
BRH:0
end_of_record
TN:
SF:src\config\swagger.ts
FNF:0
FNH:0
DA:3,0
LF:1
LH:0
BRF:0
BRH:0
end_of_record
TN:
SF:src\controller\HomeController.ts
FN:7,isValidEmail
FN:13,(anonymous_2)
FN:17,(anonymous_3)
FN:67,(anonymous_4)
FN:78,(anonymous_5)
FN:92,(anonymous_6)
FNF:6
FNH:3
FNDA:3,isValidEmail
FNDA:1,(anonymous_2)
FNDA:3,(anonymous_3)
FNDA:0,(anonymous_4)
FNDA:0,(anonymous_5)
FNDA:0,(anonymous_6)
DA:2,1
DA:3,1
DA:4,1
DA:8,3
DA:9,3
DA:12,1
DA:14,1
DA:18,3
DA:21,3
DA:22,1
DA:26,2
DA:27,1
DA:30,1
DA:32,1
DA:33,1
DA:34,0
DA:38,1
DA:41,1
DA:44,1
DA:47,1
DA:50,1
DA:55,1
DA:57,1
DA:63,0
DA:68,0
DA:69,0
DA:70,0
DA:72,0
DA:79,0
DA:81,0
DA:82,0
DA:83,0
DA:84,0
DA:86,0
DA:88,0
DA:93,0
DA:95,0
DA:96,0
DA:97,0
DA:98,0
DA:100,0
DA:102,0
LF:42
LH:22
BRDA:21,0,0,1
BRDA:26,1,0,1
BRDA:33,2,0,0
BRDA:83,3,0,0
BRDA:97,4,0,0
BRF:5
BRH:2
end_of_record
TN:
SF:src\models\Users.ts
FN:18,(anonymous_1)
FN:35,(anonymous_2)
FNF:2
FNH:0
FNDA:0,(anonymous_1)
FNDA:0,(anonymous_2)
DA:1,1
DA:2,1
DA:5,1
DA:8,1
DA:19,0
DA:35,1
DA:36,0
DA:38,0
DA:39,0
DA:40,0
DA:41,0
DA:43,0
DA:48,1
LF:13
LH:6
BRDA:36,0,0,0
BRF:1
BRH:0
end_of_record
TN:
SF:src\routes\routes.ts
FNF:0
FNH:0
DA:1,0
DA:2,0
DA:4,0
DA:5,0
DA:32,0
DA:68,0
DA:93,0
DA:116,0
DA:139,0
DA:141,0
LF:10
LH:0
BRF:0
BRH:0
end_of_record
